# JRE version: OpenJDK Runtime Environment (8.0_152) (build 1.8.0_152-release-1343-b16-5323222)
# Java VM: OpenJDK 64-Bit Server VM (25.152-b16-5323222 mixed mode linux-amd64 compressed oops)
Heap:
 PSYoungGen      total 404992K, used 18965K [0x00000000e0000000, 0x00000000fb300000, 0x0000000100000000)
  eden space 364544K, 0% used [0x00000000e0000000,0x00000000e0000000,0x00000000f6400000)
  from space 40448K, 46% used [0x00000000f6400000,0x00000000f76854a8,0x00000000f8b80000)
  to   space 37888K, 0% used [0x00000000f8c80000,0x00000000f8c80000,0x00000000fb180000)
 ParOldGen       total 168960K, used 97560K [0x00000000a0000000, 0x00000000aa500000, 0x00000000e0000000)
  object space 168960K, 57% used [0x00000000a0000000,0x00000000a5f46310,0x00000000aa500000)
 Metaspace       used 97228K, capacity 101070K, committed 101336K, reserved 1138688K
  class space    used 12267K, capacity 13018K, committed 13056K, reserved 1048576K
GC Heap History (10 events):
Event: 987.690 GC heap after
Heap after GC invocations=28 (full 4):
 PSYoungGen      total 298496K, used 19636K [0x00000000e0000000, 0x00000000f4680000, 0x0000000100000000)
  eden space 265216K, 0% used [0x00000000e0000000,0x00000000e0000000,0x00000000f0300000)
  from space 33280K, 59% used [0x00000000f2380000,0x00000000f36ad110,0x00000000f4400000)
  to   space 33280K, 0% used [0x00000000f0300000,0x00000000f0300000,0x00000000f2380000)
 ParOldGen       total 168960K, used 86884K [0x00000000a0000000, 0x00000000aa500000, 0x00000000e0000000)
  object space 168960K, 51% used [0x00000000a0000000,0x00000000a54d93d8,0x00000000aa500000)
 Metaspace       used 95020K, capacity 98588K, committed 98904K, reserved 1134592K
  class space    used 12126K, capacity 12855K, committed 12928K, reserved 1048576K
}
Event: 992.246 GC heap before
{Heap before GC invocations=29 (full 4):
 PSYoungGen      total 298496K, used 284852K [0x00000000e0000000, 0x00000000f4680000, 0x0000000100000000)
  eden space 265216K, 100% used [0x00000000e0000000,0x00000000f0300000,0x00000000f0300000)
  from space 33280K, 59% used [0x00000000f2380000,0x00000000f36ad110,0x00000000f4400000)
  to   space 33280K, 0% used [0x00000000f0300000,0x00000000f0300000,0x00000000f2380000)
 ParOldGen       total 168960K, used 86889K [0x00000000a0000000, 0x00000000aa500000, 0x00000000e0000000)
  object space 168960K, 51% used [0x00000000a0000000,0x00000000a54da720,0x00000000aa500000)
 Metaspace       used 95308K, capacity 98970K, committed 99160K, reserved 1136640K
  class space    used 12152K, capacity 12890K, committed 12928K, reserved 1048576K
Event: 992.342 GC heap after
Heap after GC invocations=29 (full 4):
 PSYoungGen      total 298496K, used 27703K [0x00000000e0000000, 0x00000000f6680000, 0x0000000100000000)
  eden space 265216K, 0% used [0x00000000e0000000,0x00000000e0000000,0x00000000f0300000)
  from space 33280K, 83% used [0x00000000f0300000,0x00000000f1e0df30,0x00000000f2380000)
  to   space 36352K, 0% used [0x00000000f4300000,0x00000000f4300000,0x00000000f6680000)
 ParOldGen       total 168960K, used 86897K [0x00000000a0000000, 0x00000000aa500000, 0x00000000e0000000)
  object space 168960K, 51% used [0x00000000a0000000,0x00000000a54dc720,0x00000000aa500000)
 Metaspace       used 95308K, capacity 98970K, committed 99160K, reserved 1136640K
  class space    used 12152K, capacity 12890K, committed 12928K, reserved 1048576K
}
Event: 992.349 GC heap before
{Heap before GC invocations=30 (full 4):
 PSYoungGen      total 298496K, used 30274K [0x00000000e0000000, 0x00000000f6680000, 0x0000000100000000)
  eden space 265216K, 0% used [0x00000000e0000000,0x00000000e0282b28,0x00000000f0300000)
  from space 33280K, 83% used [0x00000000f0300000,0x00000000f1e0df30,0x00000000f2380000)
  to   space 36352K, 0% used [0x00000000f4300000,0x00000000f4300000,0x00000000f6680000)
 ParOldGen       total 168960K, used 86897K [0x00000000a0000000, 0x00000000aa500000, 0x00000000e0000000)
  object space 168960K, 51% used [0x00000000a0000000,0x00000000a54dc720,0x00000000aa500000)
 Metaspace       used 95308K, capacity 98970K, committed 99160K, reserved 1136640K
  class space    used 12152K, capacity 12890K, committed 12928K, reserved 1048576K
Event: 992.500 GC heap after
Heap after GC invocations=30 (full 4):
 PSYoungGen      total 328704K, used 27735K [0x00000000e0000000, 0x00000000f9380000, 0x0000000100000000)
  eden space 292352K, 0% used [0x00000000e0000000,0x00000000e0000000,0x00000000f1d80000)
  from space 36352K, 76% used [0x00000000f4300000,0x00000000f5e15f10,0x00000000f6680000)
  to   space 38400K, 0% used [0x00000000f1d80000,0x00000000f1d80000,0x00000000f4300000)
 ParOldGen       total 168960K, used 86905K [0x00000000a0000000, 0x00000000aa500000, 0x00000000e0000000)
  object space 168960K, 51% used [0x00000000a0000000,0x00000000a54de720,0x00000000aa500000)
 Metaspace       used 95308K, capacity 98970K, committed 99160K, reserved 1136640K
  class space    used 12152K, capacity 12890K, committed 12928K, reserved 1048576K
}
Event: 1515.156 GC heap before
{Heap before GC invocations=31 (full 4):
 PSYoungGen      total 328704K, used 320087K [0x00000000e0000000, 0x00000000f9380000, 0x0000000100000000)
  eden space 292352K, 100% used [0x00000000e0000000,0x00000000f1d80000,0x00000000f1d80000)
  from space 36352K, 76% used [0x00000000f4300000,0x00000000f5e15f10,0x00000000f6680000)
  to   space 38400K, 0% used [0x00000000f1d80000,0x00000000f1d80000,0x00000000f4300000)
 ParOldGen       total 168960K, used 86905K [0x00000000a0000000, 0x00000000aa500000, 0x00000000e0000000)
  object space 168960K, 51% used [0x00000000a0000000,0x00000000a54de720,0x00000000aa500000)
 Metaspace       used 95890K, capacity 99724K, committed 99928K, reserved 1136640K
  class space    used 12176K, capacity 12927K, committed 12928K, reserved 1048576K
Event: 1515.360 GC heap after
Heap after GC invocations=31 (full 4):
 PSYoungGen      total 330752K, used 8992K [0x00000000e0000000, 0x00000000fb180000, 0x0000000100000000)
  eden space 292352K, 0% used [0x00000000e0000000,0x00000000e0000000,0x00000000f1d80000)
  from space 38400K, 23% used [0x00000000f1d80000,0x00000000f2648060,0x00000000f4300000)
  to   space 37888K, 0% used [0x00000000f8c80000,0x00000000f8c80000,0x00000000fb180000)
 ParOldGen       total 168960K, used 91756K [0x00000000a0000000, 0x00000000aa500000, 0x00000000e0000000)
  object space 168960K, 54% used [0x00000000a0000000,0x00000000a599b078,0x00000000aa500000)
 Metaspace       used 95890K, capacity 99724K, committed 99928K, reserved 1136640K
  class space    used 12176K, capacity 12927K, committed 12928K, reserved 1048576K
}
Event: 1594.186 GC heap before
{Heap before GC invocations=32 (full 4):
 PSYoungGen      total 330752K, used 301344K [0x00000000e0000000, 0x00000000fb180000, 0x0000000100000000)
  eden space 292352K, 100% used [0x00000000e0000000,0x00000000f1d80000,0x00000000f1d80000)
  from space 38400K, 23% used [0x00000000f1d80000,0x00000000f2648060,0x00000000f4300000)
  to   space 37888K, 0% used [0x00000000f8c80000,0x00000000f8c80000,0x00000000fb180000)
 ParOldGen       total 168960K, used 91756K [0x00000000a0000000, 0x00000000aa500000, 0x00000000e0000000)
  object space 168960K, 54% used [0x00000000a0000000,0x00000000a599b078,0x00000000aa500000)
 Metaspace       used 97137K, capacity 101052K, committed 101336K, reserved 1138688K
  class space    used 12262K, capacity 13015K, committed 13056K, reserved 1048576K
Event: 1594.664 GC heap after
Heap after GC invocations=32 (full 4):
 PSYoungGen      total 402432K, used 30442K [0x00000000e0000000, 0x00000000fb300000, 0x0000000100000000)
  eden space 364544K, 0% used [0x00000000e0000000,0x00000000e0000000,0x00000000f6400000)
  from space 37888K, 80% used [0x00000000f8c80000,0x00000000faa3a910,0x00000000fb180000)
  to   space 40448K, 0% used [0x00000000f6400000,0x00000000f6400000,0x00000000f8b80000)
 ParOldGen       total 168960K, used 94603K [0x00000000a0000000, 0x00000000aa500000, 0x00000000e0000000)
  object space 168960K, 55% used [0x00000000a0000000,0x00000000a5c62fc8,0x00000000aa500000)
 Metaspace       used 97137K, capacity 101052K, committed 101336K, reserved 1138688K
  class space    used 12262K, capacity 13015K, committed 13056K, reserved 1048576K
}
Event: 1625.285 GC heap before
{Heap before GC invocations=33 (full 4):
 PSYoungGen      total 402432K, used 394482K [0x00000000e0000000, 0x00000000fb300000, 0x0000000100000000)
  eden space 364544K, 99% used [0x00000000e0000000,0x00000000f6382208,0x00000000f6400000)
  from space 37888K, 80% used [0x00000000f8c80000,0x00000000faa3a910,0x00000000fb180000)
  to   space 40448K, 0% used [0x00000000f6400000,0x00000000f6400000,0x00000000f8b80000)
 ParOldGen       total 168960K, used 94603K [0x00000000a0000000, 0x00000000aa500000, 0x00000000e0000000)
  object space 168960K, 55% used [0x00000000a0000000,0x00000000a5c62fc8,0x00000000aa500000)
 Metaspace       used 97228K, capacity 101070K, committed 101336K, reserved 1138688K
  class space    used 12267K, capacity 13018K, committed 13056K, reserved 1048576K

