# JRE version: OpenJDK Runtime Environment (8.0_152) (build 1.8.0_152-release-1343-b16-5323222)
# Java VM: OpenJDK 64-Bit Server VM (25.152-b16-5323222 mixed mode linux-amd64 compressed oops)
Heap:
 PSYoungGen      total 314368K, used 38377K [0x00000000e0000000, 0x00000000f5a00000, 0x0000000100000000)
  eden space 275968K, 0% used [0x00000000e0000000,0x00000000e0000000,0x00000000f0d80000)
  from space 38400K, 99% used [0x00000000f0d80000,0x00000000f32fa690,0x00000000f3300000)
  to   space 37376K, 0% used [0x00000000f3300000,0x00000000f3300000,0x00000000f5780000)
 ParOldGen       total 144384K, used 74221K [0x00000000a0000000, 0x00000000a8d00000, 0x00000000e0000000)
  object space 144384K, 51% used [0x00000000a0000000,0x00000000a487b7e0,0x00000000a8d00000)
 Metaspace       used 94789K, capacity 98128K, committed 98392K, reserved 1134592K
  class space    used 11988K, capacity 12631K, committed 12672K, reserved 1048576K
GC Heap History (10 events):
Event: 348.586 GC heap after
Heap after GC invocations=23 (full 4):
 PSYoungGen      total 238080K, used 23536K [0x00000000e0000000, 0x00000000f4380000, 0x0000000100000000)
  eden space 214528K, 0% used [0x00000000e0000000,0x00000000e0000000,0x00000000ed180000)
  from space 23552K, 99% used [0x00000000ed180000,0x00000000ee87c070,0x00000000ee880000)
  to   space 40960K, 0% used [0x00000000f1b80000,0x00000000f1b80000,0x00000000f4380000)
 ParOldGen       total 131072K, used 96940K [0x00000000a0000000, 0x00000000a8000000, 0x00000000e0000000)
  object space 131072K, 73% used [0x00000000a0000000,0x00000000a5eab258,0x00000000a8000000)
 Metaspace       used 83647K, capacity 86796K, committed 86872K, reserved 1124352K
  class space    used 10986K, capacity 11594K, committed 11648K, reserved 1048576K
}
Event: 1856.043 GC heap before
{Heap before GC invocations=24 (full 4):
 PSYoungGen      total 238080K, used 238064K [0x00000000e0000000, 0x00000000f4380000, 0x0000000100000000)
  eden space 214528K, 100% used [0x00000000e0000000,0x00000000ed180000,0x00000000ed180000)
  from space 23552K, 99% used [0x00000000ed180000,0x00000000ee87c070,0x00000000ee880000)
  to   space 40960K, 0% used [0x00000000f1b80000,0x00000000f1b80000,0x00000000f4380000)
 ParOldGen       total 131072K, used 96940K [0x00000000a0000000, 0x00000000a8000000, 0x00000000e0000000)
  object space 131072K, 73% used [0x00000000a0000000,0x00000000a5eab258,0x00000000a8000000)
 Metaspace       used 84960K, capacity 88332K, committed 88664K, reserved 1126400K
  class space    used 11134K, capacity 11786K, committed 11904K, reserved 1048576K
Event: 1856.266 GC heap after
Heap after GC invocations=24 (full 4):
 PSYoungGen      total 276992K, used 3680K [0x00000000e0000000, 0x00000000f3c00000, 0x0000000100000000)
  eden space 243712K, 0% used [0x00000000e0000000,0x00000000e0000000,0x00000000eee00000)
  from space 33280K, 11% used [0x00000000f1b80000,0x00000000f1f18010,0x00000000f3c00000)
  to   space 39936K, 0% used [0x00000000eee00000,0x00000000eee00000,0x00000000f1500000)
 ParOldGen       total 131072K, used 120424K [0x00000000a0000000, 0x00000000a8000000, 0x00000000e0000000)
  object space 131072K, 91% used [0x00000000a0000000,0x00000000a759a3e0,0x00000000a8000000)
 Metaspace       used 84960K, capacity 88332K, committed 88664K, reserved 1126400K
  class space    used 11134K, capacity 11786K, committed 11904K, reserved 1048576K
}
Event: 1856.266 GC heap before
{Heap before GC invocations=25 (full 5):
 PSYoungGen      total 276992K, used 3680K [0x00000000e0000000, 0x00000000f3c00000, 0x0000000100000000)
  eden space 243712K, 0% used [0x00000000e0000000,0x00000000e0000000,0x00000000eee00000)
  from space 33280K, 11% used [0x00000000f1b80000,0x00000000f1f18010,0x00000000f3c00000)
  to   space 39936K, 0% used [0x00000000eee00000,0x00000000eee00000,0x00000000f1500000)
 ParOldGen       total 131072K, used 120424K [0x00000000a0000000, 0x00000000a8000000, 0x00000000e0000000)
  object space 131072K, 91% used [0x00000000a0000000,0x00000000a759a3e0,0x00000000a8000000)
 Metaspace       used 84960K, capacity 88332K, committed 88664K, reserved 1126400K
  class space    used 11134K, capacity 11786K, committed 11904K, reserved 1048576K
Event: 1856.789 GC heap after
Heap after GC invocations=25 (full 5):
 PSYoungGen      total 276992K, used 0K [0x00000000e0000000, 0x00000000f3c00000, 0x0000000100000000)
  eden space 243712K, 0% used [0x00000000e0000000,0x00000000e0000000,0x00000000eee00000)
  from space 33280K, 0% used [0x00000000f1b80000,0x00000000f1b80000,0x00000000f3c00000)
  to   space 39936K, 0% used [0x00000000eee00000,0x00000000eee00000,0x00000000f1500000)
 ParOldGen       total 144384K, used 44741K [0x00000000a0000000, 0x00000000a8d00000, 0x00000000e0000000)
  object space 144384K, 30% used [0x00000000a0000000,0x00000000a2bb1680,0x00000000a8d00000)
 Metaspace       used 83637K, capacity 86392K, committed 88664K, reserved 1126400K
  class space    used 10904K, capacity 11434K, committed 11904K, reserved 1048576K
}
Event: 2115.461 GC heap before
{Heap before GC invocations=26 (full 5):
 PSYoungGen      total 276992K, used 243712K [0x00000000e0000000, 0x00000000f3c00000, 0x0000000100000000)
  eden space 243712K, 100% used [0x00000000e0000000,0x00000000eee00000,0x00000000eee00000)
  from space 33280K, 0% used [0x00000000f1b80000,0x00000000f1b80000,0x00000000f3c00000)
  to   space 39936K, 0% used [0x00000000eee00000,0x00000000eee00000,0x00000000f1500000)
 ParOldGen       total 144384K, used 44741K [0x00000000a0000000, 0x00000000a8d00000, 0x00000000e0000000)
  object space 144384K, 30% used [0x00000000a0000000,0x00000000a2bb1680,0x00000000a8d00000)
 Metaspace       used 85056K, capacity 88292K, committed 88920K, reserved 1126400K
  class space    used 11045K, capacity 11658K, committed 11904K, reserved 1048576K
Event: 2115.632 GC heap after
Heap after GC invocations=26 (full 5):
 PSYoungGen      total 283648K, used 13973K [0x00000000e0000000, 0x00000000f5780000, 0x0000000100000000)
  eden space 243712K, 0% used [0x00000000e0000000,0x00000000e0000000,0x00000000eee00000)
  from space 39936K, 34% used [0x00000000eee00000,0x00000000efba57e0,0x00000000f1500000)
  to   space 37376K, 0% used [0x00000000f3300000,0x00000000f3300000,0x00000000f5780000)
 ParOldGen       total 144384K, used 44749K [0x00000000a0000000, 0x00000000a8d00000, 0x00000000e0000000)
  object space 144384K, 30% used [0x00000000a0000000,0x00000000a2bb3680,0x00000000a8d00000)
 Metaspace       used 85056K, capacity 88292K, committed 88920K, reserved 1126400K
  class space    used 11045K, capacity 11658K, committed 11904K, reserved 1048576K
}
Event: 2139.034 GC heap before
{Heap before GC invocations=27 (full 5):
 PSYoungGen      total 283648K, used 257685K [0x00000000e0000000, 0x00000000f5780000, 0x0000000100000000)
  eden space 243712K, 100% used [0x00000000e0000000,0x00000000eee00000,0x00000000eee00000)
  from space 39936K, 34% used [0x00000000eee00000,0x00000000efba57e0,0x00000000f1500000)
  to   space 37376K, 0% used [0x00000000f3300000,0x00000000f3300000,0x00000000f5780000)
 ParOldGen       total 144384K, used 44749K [0x00000000a0000000, 0x00000000a8d00000, 0x00000000e0000000)
  object space 144384K, 30% used [0x00000000a0000000,0x00000000a2bb3680,0x00000000a8d00000)
 Metaspace       used 93590K, capacity 96888K, committed 97368K, reserved 1134592K
  class space    used 11946K, capacity 12579K, committed 12672K, reserved 1048576K
Event: 2139.245 GC heap after
Heap after GC invocations=27 (full 5):
 PSYoungGen      total 313344K, used 22759K [0x00000000e0000000, 0x00000000f5a00000, 0x0000000100000000)
  eden space 275968K, 0% used [0x00000000e0000000,0x00000000e0000000,0x00000000f0d80000)
  from space 37376K, 60% used [0x00000000f3300000,0x00000000f4939df0,0x00000000f5780000)
  to   space 38400K, 0% used [0x00000000f0d80000,0x00000000f0d80000,0x00000000f3300000)
 ParOldGen       total 144384K, used 44757K [0x00000000a0000000, 0x00000000a8d00000, 0x00000000e0000000)
  object space 144384K, 30% used [0x00000000a0000000,0x00000000a2bb5680,0x00000000a8d00000)
 Metaspace       used 93590K, capacity 96888K, committed 97368K, reserved 1134592K
  class space    used 11946K, capacity 12579K, committed 12672K, reserved 1048576K
}
Event: 2148.391 GC heap before
{Heap before GC invocations=28 (full 5):
 PSYoungGen      total 313344K, used 298727K [0x00000000e0000000, 0x00000000f5a00000, 0x0000000100000000)
  eden space 275968K, 100% used [0x00000000e0000000,0x00000000f0d80000,0x00000000f0d80000)
  from space 37376K, 60% used [0x00000000f3300000,0x00000000f4939df0,0x00000000f5780000)
  to   space 38400K, 0% used [0x00000000f0d80000,0x00000000f0d80000,0x00000000f3300000)
 ParOldGen       total 144384K, used 44757K [0x00000000a0000000, 0x00000000a8d00000, 0x00000000e0000000)
  object space 144384K, 30% used [0x00000000a0000000,0x00000000a2bb5680,0x00000000a8d00000)
 Metaspace       used 94789K, capacity 98128K, committed 98392K, reserved 1134592K
  class space    used 11988K, capacity 12631K, committed 12672K, reserved 1048576K

