# JRE version: OpenJDK Runtime Environment (8.0_152) (build 1.8.0_152-release-1343-b16-5323222)
# Java VM: OpenJDK 64-Bit Server VM (25.152-b16-5323222 mixed mode linux-amd64 compressed oops)
Heap:
 PSYoungGen      total 350208K, used 44004K [0x00000000e0000000, 0x00000000f8100000, 0x0000000100000000)
  eden space 306176K, 0% used [0x00000000e0000000,0x00000000e0000000,0x00000000f2b00000)
  from space 44032K, 99% used [0x00000000f5600000,0x00000000f80f92f0,0x00000000f8100000)
  to   space 25600K, 0% used [0x00000000f3700000,0x00000000f3700000,0x00000000f5000000)
 ParOldGen       total 187392K, used 88188K [0x00000000a0000000, 0x00000000ab700000, 0x00000000e0000000)
  object space 187392K, 47% used [0x00000000a0000000,0x00000000a561f218,0x00000000ab700000)
 Metaspace       used 100784K, capacity 105360K, committed 105512K, reserved 1140736K
  class space    used 12926K, capacity 13791K, committed 13872K, reserved 1048576K
GC Heap History (10 events):
Event: 189.218 GC heap after
Heap after GC invocations=17 (full 4):
 PSYoungGen      total 259584K, used 0K [0x00000000e0000000, 0x00000000f6900000, 0x0000000100000000)
  eden space 226816K, 0% used [0x00000000e0000000,0x00000000e0000000,0x00000000edd80000)
  from space 32768K, 0% used [0x00000000edd80000,0x00000000edd80000,0x00000000efd80000)
  to   space 49152K, 0% used [0x00000000f3900000,0x00000000f3900000,0x00000000f6900000)
 ParOldGen       total 187392K, used 87719K [0x00000000a0000000, 0x00000000ab700000, 0x00000000e0000000)
  object space 187392K, 46% used [0x00000000a0000000,0x00000000a55a9f98,0x00000000ab700000)
 Metaspace       used 85129K, capacity 87992K, committed 88744K, reserved 1126400K
  class space    used 11250K, capacity 11841K, committed 11952K, reserved 1048576K
}
Event: 201.406 GC heap before
{Heap before GC invocations=18 (full 4):
 PSYoungGen      total 259584K, used 226816K [0x00000000e0000000, 0x00000000f6900000, 0x0000000100000000)
  eden space 226816K, 100% used [0x00000000e0000000,0x00000000edd80000,0x00000000edd80000)
  from space 32768K, 0% used [0x00000000edd80000,0x00000000edd80000,0x00000000efd80000)
  to   space 49152K, 0% used [0x00000000f3900000,0x00000000f3900000,0x00000000f6900000)
 ParOldGen       total 187392K, used 87719K [0x00000000a0000000, 0x00000000ab700000, 0x00000000e0000000)
  object space 187392K, 46% used [0x00000000a0000000,0x00000000a55a9f98,0x00000000ab700000)
 Metaspace       used 88813K, capacity 91956K, committed 92200K, reserved 1128448K
  class space    used 11696K, capacity 12285K, committed 12336K, reserved 1048576K
Event: 201.622 GC heap after
Heap after GC invocations=18 (full 4):
 PSYoungGen      total 323584K, used 16862K [0x00000000e0000000, 0x00000000f6a00000, 0x0000000100000000)
  eden space 274432K, 0% used [0x00000000e0000000,0x00000000e0000000,0x00000000f0c00000)
  from space 49152K, 34% used [0x00000000f3900000,0x00000000f4977a80,0x00000000f6900000)
  to   space 46080K, 0% used [0x00000000f0c00000,0x00000000f0c00000,0x00000000f3900000)
 ParOldGen       total 187392K, used 87727K [0x00000000a0000000, 0x00000000ab700000, 0x00000000e0000000)
  object space 187392K, 46% used [0x00000000a0000000,0x00000000a55abf98,0x00000000ab700000)
 Metaspace       used 88813K, capacity 91956K, committed 92200K, reserved 1128448K
  class space    used 11696K, capacity 12285K, committed 12336K, reserved 1048576K
}
Event: 2023.169 GC heap before
{Heap before GC invocations=19 (full 4):
 PSYoungGen      total 323584K, used 291294K [0x00000000e0000000, 0x00000000f6a00000, 0x0000000100000000)
  eden space 274432K, 100% used [0x00000000e0000000,0x00000000f0c00000,0x00000000f0c00000)
  from space 49152K, 34% used [0x00000000f3900000,0x00000000f4977a80,0x00000000f6900000)
  to   space 46080K, 0% used [0x00000000f0c00000,0x00000000f0c00000,0x00000000f3900000)
 ParOldGen       total 187392K, used 87727K [0x00000000a0000000, 0x00000000ab700000, 0x00000000e0000000)
  object space 187392K, 46% used [0x00000000a0000000,0x00000000a55abf98,0x00000000ab700000)
 Metaspace       used 92099K, capacity 95470K, committed 95784K, reserved 1132544K
  class space    used 11882K, capacity 12522K, committed 12592K, reserved 1048576K
Event: 2023.459 GC heap after
Heap after GC invocations=19 (full 4):
 PSYoungGen      total 320512K, used 26929K [0x00000000e0000000, 0x00000000f9a00000, 0x0000000100000000)
  eden space 274432K, 0% used [0x00000000e0000000,0x00000000e0000000,0x00000000f0c00000)
  from space 46080K, 58% used [0x00000000f0c00000,0x00000000f264c660,0x00000000f3900000)
  to   space 46592K, 0% used [0x00000000f6c80000,0x00000000f6c80000,0x00000000f9a00000)
 ParOldGen       total 187392K, used 87735K [0x00000000a0000000, 0x00000000ab700000, 0x00000000e0000000)
  object space 187392K, 46% used [0x00000000a0000000,0x00000000a55adf98,0x00000000ab700000)
 Metaspace       used 92099K, capacity 95470K, committed 95784K, reserved 1132544K
  class space    used 11882K, capacity 12522K, committed 12592K, reserved 1048576K
}
Event: 2231.155 GC heap before
{Heap before GC invocations=20 (full 4):
 PSYoungGen      total 320512K, used 301361K [0x00000000e0000000, 0x00000000f9a00000, 0x0000000100000000)
  eden space 274432K, 100% used [0x00000000e0000000,0x00000000f0c00000,0x00000000f0c00000)
  from space 46080K, 58% used [0x00000000f0c00000,0x00000000f264c660,0x00000000f3900000)
  to   space 46592K, 0% used [0x00000000f6c80000,0x00000000f6c80000,0x00000000f9a00000)
 ParOldGen       total 187392K, used 87735K [0x00000000a0000000, 0x00000000ab700000, 0x00000000e0000000)
  object space 187392K, 46% used [0x00000000a0000000,0x00000000a55adf98,0x00000000ab700000)
 Metaspace       used 92365K, capacity 95700K, committed 95784K, reserved 1132544K
  class space    used 11892K, capacity 12537K, committed 12592K, reserved 1048576K
Event: 2231.541 GC heap after
Heap after GC invocations=20 (full 4):
 PSYoungGen      total 351744K, used 16880K [0x00000000e0000000, 0x00000000f8d00000, 0x0000000100000000)
  eden space 318464K, 0% used [0x00000000e0000000,0x00000000e0000000,0x00000000f3700000)
  from space 33280K, 50% used [0x00000000f6c80000,0x00000000f7cfc070,0x00000000f8d00000)
  to   space 44032K, 0% used [0x00000000f3700000,0x00000000f3700000,0x00000000f6200000)
 ParOldGen       total 187392K, used 87743K [0x00000000a0000000, 0x00000000ab700000, 0x00000000e0000000)
  object space 187392K, 46% used [0x00000000a0000000,0x00000000a55aff98,0x00000000ab700000)
 Metaspace       used 92365K, capacity 95700K, committed 95784K, reserved 1132544K
  class space    used 11892K, capacity 12537K, committed 12592K, reserved 1048576K
}
Event: 2950.239 GC heap before
{Heap before GC invocations=21 (full 4):
 PSYoungGen      total 351744K, used 335344K [0x00000000e0000000, 0x00000000f8d00000, 0x0000000100000000)
  eden space 318464K, 100% used [0x00000000e0000000,0x00000000f3700000,0x00000000f3700000)
  from space 33280K, 50% used [0x00000000f6c80000,0x00000000f7cfc070,0x00000000f8d00000)
  to   space 44032K, 0% used [0x00000000f3700000,0x00000000f3700000,0x00000000f6200000)
 ParOldGen       total 187392K, used 87743K [0x00000000a0000000, 0x00000000ab700000, 0x00000000e0000000)
  object space 187392K, 46% used [0x00000000a0000000,0x00000000a55aff98,0x00000000ab700000)
 Metaspace       used 97465K, capacity 101350K, committed 101544K, reserved 1138688K
  class space    used 12453K, capacity 13229K, committed 13232K, reserved 1048576K
Event: 2950.475 GC heap after
Heap after GC invocations=21 (full 4):
 PSYoungGen      total 331776K, used 25350K [0x00000000e0000000, 0x00000000f8100000, 0x0000000100000000)
  eden space 306176K, 0% used [0x00000000e0000000,0x00000000e0000000,0x00000000f2b00000)
  from space 25600K, 99% used [0x00000000f3700000,0x00000000f4fc1af8,0x00000000f5000000)
  to   space 44032K, 0% used [0x00000000f5600000,0x00000000f5600000,0x00000000f8100000)
 ParOldGen       total 187392K, used 87751K [0x00000000a0000000, 0x00000000ab700000, 0x00000000e0000000)
  object space 187392K, 46% used [0x00000000a0000000,0x00000000a55b1f98,0x00000000ab700000)
 Metaspace       used 97465K, capacity 101350K, committed 101544K, reserved 1138688K
  class space    used 12453K, capacity 13229K, committed 13232K, reserved 1048576K
}
Event: 3077.053 GC heap before
{Heap before GC invocations=22 (full 4):
 PSYoungGen      total 331776K, used 331526K [0x00000000e0000000, 0x00000000f8100000, 0x0000000100000000)
  eden space 306176K, 100% used [0x00000000e0000000,0x00000000f2b00000,0x00000000f2b00000)
  from space 25600K, 99% used [0x00000000f3700000,0x00000000f4fc1af8,0x00000000f5000000)
  to   space 44032K, 0% used [0x00000000f5600000,0x00000000f5600000,0x00000000f8100000)
 ParOldGen       total 187392K, used 87751K [0x00000000a0000000, 0x00000000ab700000, 0x00000000e0000000)
  object space 187392K, 46% used [0x00000000a0000000,0x00000000a55b1f98,0x00000000ab700000)
 Metaspace       used 100784K, capacity 105360K, committed 105512K, reserved 1140736K
  class space    used 12926K, capacity 13791K, committed 13872K, reserved 1048576K

